<?xml version="1.0" encoding="UTF-8"?>
<!-- Generated by org.testng.reporters.JUnitXMLReporter -->
<testsuite hostname="LGDN13411-W7" name="Regression" tests="2" failures="0" timestamp="2 Mar 2018 04:13:59 GMT" time="81.729" errors="0">
  <testcase name="@BeforeMethod setup" time="0.0" classname="search.Search">
    <failure type="org.openqa.selenium.WebDriverException" message="Failed to connect to binary FirefoxBinary(C:\Program Files (x86)\Mozilla Firefox\firefox.exe) on port 7055; process output follows: 
on firefox@getpocket.com in app-system-defaults
1519963993183	addons.xpi	DEBUG	Existing add-on followonsearch@mozilla.com in app-system-defaults
1519963993184	addons.xpi	DEBUG	Existing add-on formautofill@mozilla.org in app-system-defaults
1519963993184	addons.xpi	DEBUG	Existing add-on onboarding@mozilla.org in app-system-defaults
1519963993184	addons.xpi	DEBUG	Existing add-on screenshots@mozilla.org in app-system-defaults
1519963993185	addons.xpi	DEBUG	Existing add-on shield-recipe-client@mozilla.org in app-system-defaults
1519963993185	addons.xpi	DEBUG	Existing add-on webcompat@mozilla.org in app-system-defaults
1519963993186	addons.xpi	INFO	Mapping {972ce4c6-7e08-4474-a285-3208198ce6fd} to C:\Program Files (x86)\Mozilla Firefox\browser\extensions\{972ce4c6-7e08-4474-a285-3208198ce6fd}.xpi
1519963993186	addons.xpi	DEBUG	Existing add-on {972ce4c6-7e08-4474-a285-3208198ce6fd} in app-global
1519963993186	addons.xpi	DEBUG	getInstallState changed: false, state: {}
1519963993351	addons.xpi-utils	DEBUG	Async JSON file read took 0 MS
1519963993351	addons.xpi-utils	DEBUG	Finished async read of XPI database, parsing...
1519963993357	addons.xpi-utils	DEBUG	Successfully read XPI database
[Parent 6360, Gecko_IOThread] WARNING: pipe error: 109: file z:/build/build/src/ipc/chromium/src/chrome/common/ipc_channel_win.cc, line 346
[Child 8156, Chrome_ChildThread] WARNING: pipe error: 109: file z:/build/build/src/ipc/chromium/src/chrome/common/ipc_channel_win.cc, line 346
[Child 8156, Chrome_ChildThread] WARNING: pipe error: 109: file z:/build/build/src/ipc/chromium/src/chrome/common/ipc_channel_win.cc, line 346
1519964004037	addons.xpi	DEBUG	Calling bootstrap method shutdown on webcompat@mozilla.org version 1.1
1519964004037	addons.xpi	DEBUG	Calling bootstrap method shutdown on shield-recipe-client@mozilla.org version 76.1
1519964004038	addons.xpi	DEBUG	Calling bootstrap method shutdown on screenshots@mozilla.org version 25.0.0
1519964004042	addons.xpi	DEBUG	Calling bootstrap method shutdown on onboarding@mozilla.org version 1.0
1519964004042	addons.xpi	DEBUG	Calling bootstrap method shutdown on formautofill@mozilla.org version 1.0
1519964004043	addons.xpi	DEBUG	Calling bootstrap method shutdown on followonsearch@mozilla.com version 0.9.6
1519964004043	addons.xpi	DEBUG	Calling bootstrap method shutdown on firefox@getpocket.com version 1.0.5
1519964004043	addons.xpi	DEBUG	Calling bootstrap method shutdown on aushelper@mozilla.org version 2.0
1519964004044	addons.xpi	DEBUG	Calling bootstrap method shutdown on activity-stream@mozilla.org version 2018.01.04.0062-4997c81d
[Parent 6360, Gecko_IOThread] WARNING: pipe error: 109: file z:/build/build/src/ipc/chromium/src/chrome/common/ipc_channel_win.cc, line 346
[Child 7384, Chrome_ChildThread] WARNING: pipe error: 109: file z:/build/build/src/ipc/chromium/src/chrome/common/ipc_channel_win.cc, line 346
[Child 7384, Chrome_ChildThread] WARNING: pipe error: 109: file z:/build/build/src/ipc/chromium/src/chrome/common/ipc_channel_win.cc, line 346
1519964004470	addons.manager	DEBUG	shutdown
1519964004471	addons.manager	DEBUG	Calling shutdown blocker for XPIProvider
1519964004471	addons.xpi	DEBUG	shutdown
1519964004471	addons.xpi-utils	DEBUG	shutdown
1519964004471	addons.manager	DEBUG	Calling shutdown blocker for LightweightThemeManager
1519964004472	addons.manager	DEBUG	Calling shutdown blocker for GMPProvider
1519964004472	addons.manager	DEBUG	Calling shutdown blocker for PluginProvider
1519964004472	addons.manager	DEBUG	Calling shutdown blocker for PreviousExperimentProvider
1519964004476	addons.manager	DEBUG	Async provider shutdown done
*** UTM:SVC TimerManager:registerTimer called after profile-before-change notification. Ignoring timer registration for id: telemetry_modules_ping
[GPU 7492, Chrome_ChildThread] WARNING: pipe error: 109: file z:/build/build/src/ipc/chromium/src/chrome/common/ipc_channel_win.cc, line 346
[Parent 6360, Gecko_IOThread] WARNING: pipe error: 232: file z:/build/build/src/ipc/chromium/src/chrome/common/ipc_channel_win.cc, line 513

Build info: version: &amp;apos;2.41.0&amp;apos;, revision: &amp;apos;3192d8a6c4449dc285928ba024779344f5423c58&amp;apos;, time: &amp;apos;2014-03-27 11:29:39&amp;apos;
System info: host: &amp;apos;LGDN13411-W7&amp;apos;, ip: &amp;apos;192.168.190.203&amp;apos;, os.name: &amp;apos;Windows 7&amp;apos;, os.arch: &amp;apos;amd64&amp;apos;, os.version: &amp;apos;6.1&amp;apos;, java.version: &amp;apos;1.8.0_40&amp;apos;
Driver info: driver.version: FirefoxDriver">
      <![CDATA[org.openqa.selenium.WebDriverException: Failed to connect to binary FirefoxBinary(C:\Program Files (x86)\Mozilla Firefox\firefox.exe) on port 7055; process output follows: 
on firefox@getpocket.com in app-system-defaults
1519963993183	addons.xpi	DEBUG	Existing add-on followonsearch@mozilla.com in app-system-defaults
1519963993184	addons.xpi	DEBUG	Existing add-on formautofill@mozilla.org in app-system-defaults
1519963993184	addons.xpi	DEBUG	Existing add-on onboarding@mozilla.org in app-system-defaults
1519963993184	addons.xpi	DEBUG	Existing add-on screenshots@mozilla.org in app-system-defaults
1519963993185	addons.xpi	DEBUG	Existing add-on shield-recipe-client@mozilla.org in app-system-defaults
1519963993185	addons.xpi	DEBUG	Existing add-on webcompat@mozilla.org in app-system-defaults
1519963993186	addons.xpi	INFO	Mapping {972ce4c6-7e08-4474-a285-3208198ce6fd} to C:\Program Files (x86)\Mozilla Firefox\browser\extensions\{972ce4c6-7e08-4474-a285-3208198ce6fd}.xpi
1519963993186	addons.xpi	DEBUG	Existing add-on {972ce4c6-7e08-4474-a285-3208198ce6fd} in app-global
1519963993186	addons.xpi	DEBUG	getInstallState changed: false, state: {}
1519963993351	addons.xpi-utils	DEBUG	Async JSON file read took 0 MS
1519963993351	addons.xpi-utils	DEBUG	Finished async read of XPI database, parsing...
1519963993357	addons.xpi-utils	DEBUG	Successfully read XPI database
[Parent 6360, Gecko_IOThread] WARNING: pipe error: 109: file z:/build/build/src/ipc/chromium/src/chrome/common/ipc_channel_win.cc, line 346
[Child 8156, Chrome_ChildThread] WARNING: pipe error: 109: file z:/build/build/src/ipc/chromium/src/chrome/common/ipc_channel_win.cc, line 346
[Child 8156, Chrome_ChildThread] WARNING: pipe error: 109: file z:/build/build/src/ipc/chromium/src/chrome/common/ipc_channel_win.cc, line 346
1519964004037	addons.xpi	DEBUG	Calling bootstrap method shutdown on webcompat@mozilla.org version 1.1
1519964004037	addons.xpi	DEBUG	Calling bootstrap method shutdown on shield-recipe-client@mozilla.org version 76.1
1519964004038	addons.xpi	DEBUG	Calling bootstrap method shutdown on screenshots@mozilla.org version 25.0.0
1519964004042	addons.xpi	DEBUG	Calling bootstrap method shutdown on onboarding@mozilla.org version 1.0
1519964004042	addons.xpi	DEBUG	Calling bootstrap method shutdown on formautofill@mozilla.org version 1.0
1519964004043	addons.xpi	DEBUG	Calling bootstrap method shutdown on followonsearch@mozilla.com version 0.9.6
1519964004043	addons.xpi	DEBUG	Calling bootstrap method shutdown on firefox@getpocket.com version 1.0.5
1519964004043	addons.xpi	DEBUG	Calling bootstrap method shutdown on aushelper@mozilla.org version 2.0
1519964004044	addons.xpi	DEBUG	Calling bootstrap method shutdown on activity-stream@mozilla.org version 2018.01.04.0062-4997c81d
[Parent 6360, Gecko_IOThread] WARNING: pipe error: 109: file z:/build/build/src/ipc/chromium/src/chrome/common/ipc_channel_win.cc, line 346
[Child 7384, Chrome_ChildThread] WARNING: pipe error: 109: file z:/build/build/src/ipc/chromium/src/chrome/common/ipc_channel_win.cc, line 346
[Child 7384, Chrome_ChildThread] WARNING: pipe error: 109: file z:/build/build/src/ipc/chromium/src/chrome/common/ipc_channel_win.cc, line 346
1519964004470	addons.manager	DEBUG	shutdown
1519964004471	addons.manager	DEBUG	Calling shutdown blocker for XPIProvider
1519964004471	addons.xpi	DEBUG	shutdown
1519964004471	addons.xpi-utils	DEBUG	shutdown
1519964004471	addons.manager	DEBUG	Calling shutdown blocker for LightweightThemeManager
1519964004472	addons.manager	DEBUG	Calling shutdown blocker for GMPProvider
1519964004472	addons.manager	DEBUG	Calling shutdown blocker for PluginProvider
1519964004472	addons.manager	DEBUG	Calling shutdown blocker for PreviousExperimentProvider
1519964004476	addons.manager	DEBUG	Async provider shutdown done
*** UTM:SVC TimerManager:registerTimer called after profile-before-change notification. Ignoring timer registration for id: telemetry_modules_ping
[GPU 7492, Chrome_ChildThread] WARNING: pipe error: 109: file z:/build/build/src/ipc/chromium/src/chrome/common/ipc_channel_win.cc, line 346
[Parent 6360, Gecko_IOThread] WARNING: pipe error: 232: file z:/build/build/src/ipc/chromium/src/chrome/common/ipc_channel_win.cc, line 513

Build info: version: '2.41.0', revision: '3192d8a6c4449dc285928ba024779344f5423c58', time: '2014-03-27 11:29:39'
System info: host: 'LGDN13411-W7', ip: '192.168.190.203', os.name: 'Windows 7', os.arch: 'amd64', os.version: '6.1', java.version: '1.8.0_40'
Driver info: driver.version: FirefoxDriver
	at org.openqa.selenium.firefox.internal.NewProfileExtensionConnection.start(NewProfileExtensionConnection.java:130)
	at org.openqa.selenium.firefox.FirefoxDriver.startClient(FirefoxDriver.java:246)
	at org.openqa.selenium.remote.RemoteWebDriver.<init>(RemoteWebDriver.java:114)
	at org.openqa.selenium.firefox.FirefoxDriver.<init>(FirefoxDriver.java:191)
	at org.openqa.selenium.firefox.FirefoxDriver.<init>(FirefoxDriver.java:186)
	at org.openqa.selenium.firefox.FirefoxDriver.<init>(FirefoxDriver.java:182)
	at org.openqa.selenium.firefox.FirefoxDriver.<init>(FirefoxDriver.java:95)
	at search.Search.setup(Search.java:14)
Caused by: org.openqa.selenium.firefox.NotConnectedException: Unable to connect to host 127.0.0.1 on port 7055 after 45000 ms. Firefox console output:
on firefox@getpocket.com in app-system-defaults
1519963993183	addons.xpi	DEBUG	Existing add-on followonsearch@mozilla.com in app-system-defaults
1519963993184	addons.xpi	DEBUG	Existing add-on formautofill@mozilla.org in app-system-defaults
1519963993184	addons.xpi	DEBUG	Existing add-on onboarding@mozilla.org in app-system-defaults
1519963993184	addons.xpi	DEBUG	Existing add-on screenshots@mozilla.org in app-system-defaults
1519963993185	addons.xpi	DEBUG	Existing add-on shield-recipe-client@mozilla.org in app-system-defaults
1519963993185	addons.xpi	DEBUG	Existing add-on webcompat@mozilla.org in app-system-defaults
1519963993186	addons.xpi	INFO	Mapping {972ce4c6-7e08-4474-a285-3208198ce6fd} to C:\Program Files (x86)\Mozilla Firefox\browser\extensions\{972ce4c6-7e08-4474-a285-3208198ce6fd}.xpi
1519963993186	addons.xpi	DEBUG	Existing add-on {972ce4c6-7e08-4474-a285-3208198ce6fd} in app-global
1519963993186	addons.xpi	DEBUG	getInstallState changed: false, state: {}
1519963993351	addons.xpi-utils	DEBUG	Async JSON file read took 0 MS
1519963993351	addons.xpi-utils	DEBUG	Finished async read of XPI database, parsing...
1519963993357	addons.xpi-utils	DEBUG	Successfully read XPI database
[Parent 6360, Gecko_IOThread] WARNING: pipe error: 109: file z:/build/build/src/ipc/chromium/src/chrome/common/ipc_channel_win.cc, line 346
[Child 8156, Chrome_ChildThread] WARNING: pipe error: 109: file z:/build/build/src/ipc/chromium/src/chrome/common/ipc_channel_win.cc, line 346
[Child 8156, Chrome_ChildThread] WARNING: pipe error: 109: file z:/build/build/src/ipc/chromium/src/chrome/common/ipc_channel_win.cc, line 346
1519964004037	addons.xpi	DEBUG	Calling bootstrap method shutdown on webcompat@mozilla.org version 1.1
1519964004037	addons.xpi	DEBUG	Calling bootstrap method shutdown on shield-recipe-client@mozilla.org version 76.1
1519964004038	addons.xpi	DEBUG	Calling bootstrap method shutdown on screenshots@mozilla.org version 25.0.0
1519964004042	addons.xpi	DEBUG	Calling bootstrap method shutdown on onboarding@mozilla.org version 1.0
1519964004042	addons.xpi	DEBUG	Calling bootstrap method shutdown on formautofill@mozilla.org version 1.0
1519964004043	addons.xpi	DEBUG	Calling bootstrap method shutdown on followonsearch@mozilla.com version 0.9.6
1519964004043	addons.xpi	DEBUG	Calling bootstrap method shutdown on firefox@getpocket.com version 1.0.5
1519964004043	addons.xpi	DEBUG	Calling bootstrap method shutdown on aushelper@mozilla.org version 2.0
1519964004044	addons.xpi	DEBUG	Calling bootstrap method shutdown on activity-stream@mozilla.org version 2018.01.04.0062-4997c81d
[Parent 6360, Gecko_IOThread] WARNING: pipe error: 109: file z:/build/build/src/ipc/chromium/src/chrome/common/ipc_channel_win.cc, line 346
[Child 7384, Chrome_ChildThread] WARNING: pipe error: 109: file z:/build/build/src/ipc/chromium/src/chrome/common/ipc_channel_win.cc, line 346
[Child 7384, Chrome_ChildThread] WARNING: pipe error: 109: file z:/build/build/src/ipc/chromium/src/chrome/common/ipc_channel_win.cc, line 346
1519964004470	addons.manager	DEBUG	shutdown
1519964004471	addons.manager	DEBUG	Calling shutdown blocker for XPIProvider
1519964004471	addons.xpi	DEBUG	shutdown
1519964004471	addons.xpi-utils	DEBUG	shutdown
1519964004471	addons.manager	DEBUG	Calling shutdown blocker for LightweightThemeManager
1519964004472	addons.manager	DEBUG	Calling shutdown blocker for GMPProvider
1519964004472	addons.manager	DEBUG	Calling shutdown blocker for PluginProvider
1519964004472	addons.manager	DEBUG	Calling shutdown blocker for PreviousExperimentProvider
1519964004476	addons.manager	DEBUG	Async provider shutdown done
*** UTM:SVC TimerManager:registerTimer called after profile-before-change notification. Ignoring timer registration for id: telemetry_modules_ping
[GPU 7492, Chrome_ChildThread] WARNING: pipe error: 109: file z:/build/build/src/ipc/chromium/src/chrome/common/ipc_channel_win.cc, line 346
[Parent 6360, Gecko_IOThread] WARNING: pipe error: 232: file z:/build/build/src/ipc/chromium/src/chrome/common/ipc_channel_win.cc, line 513

	at org.openqa.selenium.firefox.internal.NewProfileExtensionConnection.start(NewProfileExtensionConnection.java:118)
	... 33 more
... Removed 26 stack frames]]>
    </failure>
  </testcase> <!-- @BeforeMethod setup -->
  <testcase name="@AfterMethod tearDown" time="0.0" classname="search.Search">
    <skipped/>
  </testcase> <!-- @AfterMethod tearDown -->
  <testcase name="@BeforeMethod setup" time="0.0" classname="search.Search">
    <skipped/>
  </testcase> <!-- @BeforeMethod setup -->
  <testcase name="@AfterMethod tearDown" time="0.0" classname="search.Search">
    <skipped/>
  </testcase> <!-- @AfterMethod tearDown -->
  <testcase name="TC_001" time="0.001" classname="search.Search">
    <skipped/>
  </testcase> <!-- TC_001 -->
  <testcase name="TC_002" time="0.001" classname="search.Search">
    <skipped/>
  </testcase> <!-- TC_002 -->
</testsuite> <!-- Regression -->
